Using pre-set license
Built from '2021.3/staging' branch; Version is '2021.3.18f1 (3129e69bc0c7) revision 3221990'; Using compiler version '192829333'; Build Type 'Release'
OS: 'Windows 11  (10.0.22621) 64bit Professional' Language: 'en' Physical Memory: 8032 MB
BatchMode: 1, IsHumanControllingUs: 0, StartBugReporterOnCrash: 0, Is64bit: 1, IsPro: 1

COMMAND LINE ARGUMENTS:
C:\Program Files\Unity\Hub\Editor\2021.3.18f1\Editor\Unity.exe
-adb2
-batchMode
-noUpm
-name
AssetImportWorker1
-projectPath
E:/BT/Dev games/Menu
-logFile
Logs/AssetImportWorker1.log
-srvPort
65186
Successfully changed project path to: E:/BT/Dev games/Menu
E:/BT/Dev games/Menu
[UnityMemory] Configuration Parameters - Can be set up in boot.config
    "memorysetup-bucket-allocator-granularity=16"
    "memorysetup-bucket-allocator-bucket-count=8"
    "memorysetup-bucket-allocator-block-size=33554432"
    "memorysetup-bucket-allocator-block-count=8"
    "memorysetup-main-allocator-block-size=16777216"
    "memorysetup-thread-allocator-block-size=16777216"
    "memorysetup-gfx-main-allocator-block-size=16777216"
    "memorysetup-gfx-thread-allocator-block-size=16777216"
    "memorysetup-cache-allocator-block-size=4194304"
    "memorysetup-typetree-allocator-block-size=2097152"
    "memorysetup-profiler-bucket-allocator-granularity=16"
    "memorysetup-profiler-bucket-allocator-bucket-count=8"
    "memorysetup-profiler-bucket-allocator-block-size=33554432"
    "memorysetup-profiler-bucket-allocator-block-count=8"
    "memorysetup-profiler-allocator-block-size=16777216"
    "memorysetup-profiler-editor-allocator-block-size=1048576"
    "memorysetup-temp-allocator-size-main=16777216"
    "memorysetup-job-temp-allocator-block-size=2097152"
    "memorysetup-job-temp-allocator-block-size-background=1048576"
    "memorysetup-job-temp-allocator-reduction-small-platforms=262144"
    "memorysetup-temp-allocator-size-background-worker=32768"
    "memorysetup-temp-allocator-size-job-worker=262144"
    "memorysetup-temp-allocator-size-preload-manager=33554432"
    "memorysetup-temp-allocator-size-nav-mesh-worker=65536"
    "memorysetup-temp-allocator-size-audio-worker=65536"
    "memorysetup-temp-allocator-size-cloud-worker=32768"
    "memorysetup-temp-allocator-size-gi-baking-worker=262144"
    "memorysetup-temp-allocator-size-gfx=262144"
Player connection [1396] Host "[IP] 192.168.1.12 [Port] 0 [Flags] 2 [Guid] 1171391197 [EditorId] 1171391197 [Version] 1048832 [Id] WindowsEditor(7,DESKTOP-3US95F5) [Debug] 1 [PackageName] WindowsEditor [ProjectName] Editor" joined multi-casting on [225.0.0.222:54997]...

Player connection [1396] Host "[IP] 192.168.1.12 [Port] 0 [Flags] 2 [Guid] 1171391197 [EditorId] 1171391197 [Version] 1048832 [Id] WindowsEditor(7,DESKTOP-3US95F5) [Debug] 1 [PackageName] WindowsEditor [ProjectName] Editor" joined alternative multi-casting on [225.0.0.222:34997]...

Refreshing native plugins compatible for Editor in 90.60 ms, found 4 plugins.
Preloading 0 native plugins for Editor in 0.00 ms.
Initialize engine version: 2021.3.18f1 (3129e69bc0c7)
[Subsystems] Discovering subsystems at path C:/Program Files/Unity/Hub/Editor/2021.3.18f1/Editor/Data/Resources/UnitySubsystems
[Subsystems] Discovering subsystems at path E:/BT/Dev games/Menu/Assets
GfxDevice: creating device client; threaded=0; jobified=0
Direct3D:
    Version:  Direct3D 11.0 [level 11.1]
    Renderer: NVIDIA GeForce GTX 1650 (ID=0x1f91)
    Vendor:   NVIDIA
    VRAM:     3962 MB
    Driver:   30.0.15.1278
Initialize mono
Mono path[0] = 'C:/Program Files/Unity/Hub/Editor/2021.3.18f1/Editor/Data/Managed'
Mono path[1] = 'C:/Program Files/Unity/Hub/Editor/2021.3.18f1/Editor/Data/MonoBleedingEdge/lib/mono/unityjit-win32'
Mono config path = 'C:/Program Files/Unity/Hub/Editor/2021.3.18f1/Editor/Data/MonoBleedingEdge/etc'
Using monoOptions --debugger-agent=transport=dt_socket,embedding=1,server=y,suspend=n,address=127.0.0.1:56200
Begin MonoManager ReloadAssembly
Registering precompiled unity dll's ...
Register platform support module: C:/Program Files/Unity/Hub/Editor/2021.3.18f1/Editor/Data/PlaybackEngines/WebGLSupport/UnityEditor.WebGL.Extensions.dll
Register platform support module: C:/Program Files/Unity/Hub/Editor/2021.3.18f1/Editor/Data/PlaybackEngines/WindowsStandaloneSupport/UnityEditor.WindowsStandalone.Extensions.dll
Registered in 0.005272 seconds.
Native extension for WindowsStandalone target not found
Native extension for WebGL target not found
Refreshing native plugins compatible for Editor in 87.32 ms, found 4 plugins.
Preloading 0 native plugins for Editor in 0.00 ms.
Mono: successfully reloaded assembly
- Completed reload, in  0.652 seconds
Domain Reload Profiling:
	ReloadAssembly (652ms)
		BeginReloadAssembly (75ms)
			ExecutionOrderSort (0ms)
			DisableScriptedObjects (0ms)
			BackupInstance (0ms)
			ReleaseScriptingObjects (0ms)
			CreateAndSetChildDomain (1ms)
		EndReloadAssembly (466ms)
			LoadAssemblies (74ms)
			RebuildTransferFunctionScriptingTraits (0ms)
			SetupTypeCache (113ms)
			ReleaseScriptCaches (0ms)
			RebuildScriptCaches (30ms)
			SetupLoadedEditorAssemblies (272ms)
				LogAssemblyErrors (0ms)
				InitializePlatformSupportModulesInManaged (8ms)
				SetLoadedEditorAssemblies (0ms)
				RefreshPlugins (87ms)
				BeforeProcessingInitializeOnLoad (1ms)
				ProcessInitializeOnLoadAttributes (129ms)
				ProcessInitializeOnLoadMethodAttributes (46ms)
				AfterProcessingInitializeOnLoad (0ms)
				EditorAssembliesLoaded (0ms)
			ExecutionOrderSort2 (0ms)
			AwakeInstancesAfterBackupRestoration (0ms)
Platform modules already initialized, skipping
Registering precompiled user dll's ...
Registered in 0.004455 seconds.
Begin MonoManager ReloadAssembly
Symbol file LoadedFromMemory doesn't match image E:\BT\Dev games\Menu\Library\PackageCache\com.unity.visualscripting@1.8.0\Editor\VisualScripting.Core\Dependencies\YamlDotNet\Unity.VisualScripting.YamlDotNet.dll
Symbol file LoadedFromMemory doesn't match image E:\BT\Dev games\Menu\Library\PackageCache\com.unity.visualscripting@1.8.0\Editor\VisualScripting.Core\Dependencies\DotNetZip\Unity.VisualScripting.IonicZip.dll
Native extension for WindowsStandalone target not found
Native extension for WebGL target not found
Refreshing native plugins compatible for Editor in 115.37 ms, found 4 plugins.
Preloading 0 native plugins for Editor in 0.00 ms.
Mono: successfully reloaded assembly
- Completed reload, in  1.510 seconds
Domain Reload Profiling:
	ReloadAssembly (1511ms)
		BeginReloadAssembly (188ms)
			ExecutionOrderSort (0ms)
			DisableScriptedObjects (8ms)
			BackupInstance (0ms)
			ReleaseScriptingObjects (0ms)
			CreateAndSetChildDomain (33ms)
		EndReloadAssembly (1186ms)
			LoadAssemblies (384ms)
			RebuildTransferFunctionScriptingTraits (0ms)
			SetupTypeCache (239ms)
			ReleaseScriptCaches (1ms)
			RebuildScriptCaches (56ms)
			SetupLoadedEditorAssemblies (497ms)
				LogAssemblyErrors (0ms)
				InitializePlatformSupportModulesInManaged (5ms)
				SetLoadedEditorAssemblies (0ms)
				RefreshPlugins (115ms)
				BeforeProcessingInitializeOnLoad (109ms)
				ProcessInitializeOnLoadAttributes (219ms)
				ProcessInitializeOnLoadMethodAttributes (42ms)
				AfterProcessingInitializeOnLoad (6ms)
				EditorAssembliesLoaded (0ms)
			ExecutionOrderSort2 (0ms)
			AwakeInstancesAfterBackupRestoration (7ms)
Platform modules already initialized, skipping
========================================================================
Worker process is ready to serve import requests
Launched and connected shader compiler UnityShaderCompiler.exe after 0.09 seconds
Refreshing native plugins compatible for Editor in 1.68 ms, found 4 plugins.
Preloading 0 native plugins for Editor in 0.00 ms.
Unloading 3733 Unused Serialized files (Serialized files now loaded: 0)
Unloading 41 unused Assets / (228.8 KB). Loaded Objects now: 4186.
Memory consumption went from 142.5 MB to 142.3 MB.
Total: 5.998400 ms (FindLiveObjects: 0.409200 ms CreateObjectMapping: 0.390400 ms MarkObjects: 4.920200 ms  DeleteObjects: 0.277500 ms)

AssetImportParameters requested are different than current active one (requested -> active):
  custom:video-decoder-ogg-theora: a1e56fd34408186e4bbccfd4996cb3dc -> 
  custom:container-muxer-webm: aa71ff27fc2769a1b78a27578f13a17b -> 
  custom:container-demuxer-webm: 4f35f7cbe854078d1ac9338744f61a02 -> 
  custom:video-encoder-webm-vp8: eb34c28f22e8b96e1ab97ce403110664 -> 
  custom:audio-encoder-webm-vorbis: bf7c407c2cedff20999df2af8eb42d56 -> 
  custom:framework-win-MediaFoundation: 216162199b28c13a410421893ffa2e32 -> 
  custom:container-demuxer-ogg: 62fdf1f143b41e24485cea50d1cbac27 -> 
  custom:video-decoder-webm-vp8: 9c59270c3fd7afecdb556c50c9e8de78 -> 
  custom:audio-decoder-ogg-vorbis: bf7c407c2cedff20999df2af8eb42d56 -> 
========================================================================
Received Import Request.
  Time since last request: 656114.498527 seconds.
  path: Assets/Warped City Assets/Scenes
  artifactKey: Guid(1d04794afb7db4b8bbc71b67b6cdc45b) Importer(815301076,1909f56bfc062723c751e8b465ee728b)
Start importing Assets/Warped City Assets/Scenes using Guid(1d04794afb7db4b8bbc71b67b6cdc45b) Importer(815301076,1909f56bfc062723c751e8b465ee728b)  -> (artifact id: '911267a04874efd3ec1c2781b95cc973') in 0.021595 seconds 
========================================================================
Received Prepare
Registering precompiled user dll's ...
Registered in 0.005007 seconds.
Begin MonoManager ReloadAssembly
Symbol file LoadedFromMemory doesn't match image E:\BT\Dev games\Menu\Library\PackageCache\com.unity.visualscripting@1.8.0\Editor\VisualScripting.Core\Dependencies\YamlDotNet\Unity.VisualScripting.YamlDotNet.dll
Symbol file LoadedFromMemory doesn't match image E:\BT\Dev games\Menu\Library\PackageCache\com.unity.visualscripting@1.8.0\Editor\VisualScripting.Core\Dependencies\DotNetZip\Unity.VisualScripting.IonicZip.dll
Native extension for WindowsStandalone target not found
Native extension for WebGL target not found
Refreshing native plugins compatible for Editor in 1.30 ms, found 4 plugins.
Preloading 0 native plugins for Editor in 0.00 ms.
Mono: successfully reloaded assembly
- Completed reload, in  1.543 seconds
Domain Reload Profiling:
	ReloadAssembly (1544ms)
		BeginReloadAssembly (210ms)
			ExecutionOrderSort (0ms)
			DisableScriptedObjects (11ms)
			BackupInstance (0ms)
			ReleaseScriptingObjects (0ms)
			CreateAndSetChildDomain (52ms)
		EndReloadAssembly (1168ms)
			LoadAssemblies (297ms)
			RebuildTransferFunctionScriptingTraits (0ms)
			SetupTypeCache (335ms)
			ReleaseScriptCaches (2ms)
			RebuildScriptCaches (69ms)
			SetupLoadedEditorAssemblies (432ms)
				LogAssemblyErrors (0ms)
				InitializePlatformSupportModulesInManaged (18ms)
				SetLoadedEditorAssemblies (1ms)
				RefreshPlugins (1ms)
				BeforeProcessingInitializeOnLoad (86ms)
				ProcessInitializeOnLoadAttributes (265ms)
				ProcessInitializeOnLoadMethodAttributes (49ms)
				AfterProcessingInitializeOnLoad (11ms)
				EditorAssembliesLoaded (0ms)
			ExecutionOrderSort2 (0ms)
			AwakeInstancesAfterBackupRestoration (14ms)
Platform modules already initialized, skipping
Refreshing native plugins compatible for Editor in 5.04 ms, found 4 plugins.
Preloading 0 native plugins for Editor in 0.00 ms.
Unloading 3728 Unused Serialized files (Serialized files now loaded: 0)
Unloading 28 unused Assets / (195.5 KB). Loaded Objects now: 4189.
Memory consumption went from 142.1 MB to 141.9 MB.
Total: 4.970200 ms (FindLiveObjects: 0.572700 ms CreateObjectMapping: 0.326400 ms MarkObjects: 3.834400 ms  DeleteObjects: 0.231900 ms)

AssetImportParameters requested are different than current active one (requested -> active):
  custom:video-decoder-ogg-theora: a1e56fd34408186e4bbccfd4996cb3dc -> 
  custom:container-muxer-webm: aa71ff27fc2769a1b78a27578f13a17b -> 
  custom:container-demuxer-webm: 4f35f7cbe854078d1ac9338744f61a02 -> 
  custom:video-encoder-webm-vp8: eb34c28f22e8b96e1ab97ce403110664 -> 
  custom:audio-encoder-webm-vorbis: bf7c407c2cedff20999df2af8eb42d56 -> 
  custom:framework-win-MediaFoundation: 216162199b28c13a410421893ffa2e32 -> 
  custom:container-demuxer-ogg: 62fdf1f143b41e24485cea50d1cbac27 -> 
  custom:video-decoder-webm-vp8: 9c59270c3fd7afecdb556c50c9e8de78 -> 
  custom:audio-decoder-ogg-vorbis: bf7c407c2cedff20999df2af8eb42d56 -> 
========================================================================
Received Import Request.
  Time since last request: 49.223483 seconds.
  path: Assets/Warped City Assets/Artwork/ENVIRONMENT/tileset.png
  artifactKey: Guid(e08e6a2f34edd4a7db4285eeddef84a8) Importer(815301076,1909f56bfc062723c751e8b465ee728b)
Start importing Assets/Warped City Assets/Artwork/ENVIRONMENT/tileset.png using Guid(e08e6a2f34edd4a7db4285eeddef84a8) Importer(815301076,1909f56bfc062723c751e8b465ee728b)  -> (artifact id: 'd28d90781235a9414bd0783b3598f775') in 0.132937 seconds 
========================================================================
Received Import Request.
  Time since last request: 0.446950 seconds.
  path: Assets/Warped City Assets/Artwork/ENVIRONMENT/background/near-buildings-bg.png
  artifactKey: Guid(8be56079f98104befaf15e67184d36f1) Importer(815301076,1909f56bfc062723c751e8b465ee728b)
Start importing Assets/Warped City Assets/Artwork/ENVIRONMENT/background/near-buildings-bg.png using Guid(8be56079f98104befaf15e67184d36f1) Importer(815301076,1909f56bfc062723c751e8b465ee728b)  -> (artifact id: 'f055faec429823fe011ec5e7430336e4') in 0.044814 seconds 
========================================================================
Received Import Request.
  Time since last request: 0.000018 seconds.
  path: Assets/Warped City Assets/Artwork/ENVIRONMENT/background/skyline-a.png
  artifactKey: Guid(85e3b366cc43a412eaea4abb85da0cd3) Importer(815301076,1909f56bfc062723c751e8b465ee728b)
Start importing Assets/Warped City Assets/Artwork/ENVIRONMENT/background/skyline-a.png using Guid(85e3b366cc43a412eaea4abb85da0cd3) Importer(815301076,1909f56bfc062723c751e8b465ee728b)  -> (artifact id: '8e9dc24ced5470b3b78d4586be9ef183') in 0.024817 seconds 
========================================================================
Received Import Request.
  Time since last request: 0.000017 seconds.
  path: Assets/Warped City Assets/Artwork/ENVIRONMENT/background/skyline-b.png
  artifactKey: Guid(224884cef4f9549dc8e494a2c3f6ee87) Importer(815301076,1909f56bfc062723c751e8b465ee728b)
Start importing Assets/Warped City Assets/Artwork/ENVIRONMENT/background/skyline-b.png using Guid(224884cef4f9549dc8e494a2c3f6ee87) Importer(815301076,1909f56bfc062723c751e8b465ee728b)  -> (artifact id: '7aa6b06d512627d3d7434c024ec8f588') in 0.018700 seconds 
========================================================================
Received Prepare
Registering precompiled user dll's ...
Registered in 0.004780 seconds.
Begin MonoManager ReloadAssembly
Symbol file LoadedFromMemory doesn't match image E:\BT\Dev games\Menu\Library\PackageCache\com.unity.visualscripting@1.8.0\Editor\VisualScripting.Core\Dependencies\YamlDotNet\Unity.VisualScripting.YamlDotNet.dll
Symbol file LoadedFromMemory doesn't match image E:\BT\Dev games\Menu\Library\PackageCache\com.unity.visualscripting@1.8.0\Editor\VisualScripting.Core\Dependencies\DotNetZip\Unity.VisualScripting.IonicZip.dll
Native extension for WindowsStandalone target not found
Native extension for WebGL target not found
Refreshing native plugins compatible for Editor in 0.63 ms, found 4 plugins.
Preloading 0 native plugins for Editor in 0.00 ms.
Mono: successfully reloaded assembly
- Completed reload, in  1.271 seconds
Domain Reload Profiling:
	ReloadAssembly (1272ms)
		BeginReloadAssembly (258ms)
			ExecutionOrderSort (0ms)
			DisableScriptedObjects (25ms)
			BackupInstance (0ms)
			ReleaseScriptingObjects (0ms)
			CreateAndSetChildDomain (93ms)
		EndReloadAssembly (844ms)
			LoadAssemblies (182ms)
			RebuildTransferFunctionScriptingTraits (0ms)
			SetupTypeCache (289ms)
			ReleaseScriptCaches (1ms)
			RebuildScriptCaches (47ms)
			SetupLoadedEditorAssemblies (317ms)
				LogAssemblyErrors (0ms)
				InitializePlatformSupportModulesInManaged (13ms)
				SetLoadedEditorAssemblies (1ms)
				RefreshPlugins (1ms)
				BeforeProcessingInitializeOnLoad (67ms)
				ProcessInitializeOnLoadAttributes (196ms)
				ProcessInitializeOnLoadMethodAttributes (33ms)
				AfterProcessingInitializeOnLoad (6ms)
				EditorAssembliesLoaded (0ms)
			ExecutionOrderSort2 (0ms)
			AwakeInstancesAfterBackupRestoration (9ms)
Platform modules already initialized, skipping
Refreshing native plugins compatible for Editor in 2.43 ms, found 4 plugins.
Preloading 0 native plugins for Editor in 0.00 ms.
Unloading 3728 Unused Serialized files (Serialized files now loaded: 0)
Unloading 28 unused Assets / (195.7 KB). Loaded Objects now: 4205.
Memory consumption went from 146.4 MB to 146.2 MB.
Total: 6.697300 ms (FindLiveObjects: 0.307800 ms CreateObjectMapping: 0.367400 ms MarkObjects: 5.786000 ms  DeleteObjects: 0.235000 ms)

AssetImportParameters requested are different than current active one (requested -> active):
  custom:video-decoder-ogg-theora: a1e56fd34408186e4bbccfd4996cb3dc -> 
  custom:container-muxer-webm: aa71ff27fc2769a1b78a27578f13a17b -> 
  custom:container-demuxer-webm: 4f35f7cbe854078d1ac9338744f61a02 -> 
  custom:video-encoder-webm-vp8: eb34c28f22e8b96e1ab97ce403110664 -> 
  custom:audio-encoder-webm-vorbis: bf7c407c2cedff20999df2af8eb42d56 -> 
  custom:framework-win-MediaFoundation: 216162199b28c13a410421893ffa2e32 -> 
  custom:container-demuxer-ogg: 62fdf1f143b41e24485cea50d1cbac27 -> 
  custom:video-decoder-webm-vp8: 9c59270c3fd7afecdb556c50c9e8de78 -> 
  custom:audio-decoder-ogg-vorbis: bf7c407c2cedff20999df2af8eb42d56 -> 
========================================================================
Received Prepare
Registering precompiled user dll's ...
Registered in 0.005331 seconds.
Begin MonoManager ReloadAssembly
Symbol file LoadedFromMemory doesn't match image E:\BT\Dev games\Menu\Library\PackageCache\com.unity.visualscripting@1.8.0\Editor\VisualScripting.Core\Dependencies\YamlDotNet\Unity.VisualScripting.YamlDotNet.dll
Symbol file LoadedFromMemory doesn't match image E:\BT\Dev games\Menu\Library\PackageCache\com.unity.visualscripting@1.8.0\Editor\VisualScripting.Core\Dependencies\DotNetZip\Unity.VisualScripting.IonicZip.dll
Native extension for WindowsStandalone target not found
Native extension for WebGL target not found
Refreshing native plugins compatible for Editor in 0.89 ms, found 4 plugins.
Preloading 0 native plugins for Editor in 0.00 ms.
Mono: successfully reloaded assembly
- Completed reload, in  1.338 seconds
Domain Reload Profiling:
	ReloadAssembly (1339ms)
		BeginReloadAssembly (154ms)
			ExecutionOrderSort (0ms)
			DisableScriptedObjects (7ms)
			BackupInstance (0ms)
			ReleaseScriptingObjects (0ms)
			CreateAndSetChildDomain (35ms)
		EndReloadAssembly (1050ms)
			LoadAssemblies (124ms)
			RebuildTransferFunctionScriptingTraits (0ms)
			SetupTypeCache (377ms)
			ReleaseScriptCaches (2ms)
			RebuildScriptCaches (70ms)
			SetupLoadedEditorAssemblies (421ms)
				LogAssemblyErrors (0ms)
				InitializePlatformSupportModulesInManaged (16ms)
				SetLoadedEditorAssemblies (1ms)
				RefreshPlugins (1ms)
				BeforeProcessingInitializeOnLoad (89ms)
				ProcessInitializeOnLoadAttributes (259ms)
				ProcessInitializeOnLoadMethodAttributes (47ms)
				AfterProcessingInitializeOnLoad (7ms)
				EditorAssembliesLoaded (0ms)
			ExecutionOrderSort2 (0ms)
			AwakeInstancesAfterBackupRestoration (13ms)
Platform modules already initialized, skipping
Refreshing native plugins compatible for Editor in 2.54 ms, found 4 plugins.
Preloading 0 native plugins for Editor in 0.00 ms.
Unloading 3728 Unused Serialized files (Serialized files now loaded: 0)
Unloading 28 unused Assets / (195.4 KB). Loaded Objects now: 4208.
Memory consumption went from 146.4 MB to 146.3 MB.
Total: 6.541400 ms (FindLiveObjects: 1.001700 ms CreateObjectMapping: 0.787800 ms MarkObjects: 4.562700 ms  DeleteObjects: 0.186600 ms)

AssetImportParameters requested are different than current active one (requested -> active):
  custom:video-decoder-ogg-theora: a1e56fd34408186e4bbccfd4996cb3dc -> 
  custom:container-muxer-webm: aa71ff27fc2769a1b78a27578f13a17b -> 
  custom:container-demuxer-webm: 4f35f7cbe854078d1ac9338744f61a02 -> 
  custom:video-encoder-webm-vp8: eb34c28f22e8b96e1ab97ce403110664 -> 
  custom:audio-encoder-webm-vorbis: bf7c407c2cedff20999df2af8eb42d56 -> 
  custom:framework-win-MediaFoundation: 216162199b28c13a410421893ffa2e32 -> 
  custom:container-demuxer-ogg: 62fdf1f143b41e24485cea50d1cbac27 -> 
  custom:video-decoder-webm-vp8: 9c59270c3fd7afecdb556c50c9e8de78 -> 
  custom:audio-decoder-ogg-vorbis: bf7c407c2cedff20999df2af8eb42d56 -> 
========================================================================
Received Prepare
Registering precompiled user dll's ...
Registered in 0.004411 seconds.
Begin MonoManager ReloadAssembly
Symbol file LoadedFromMemory doesn't match image E:\BT\Dev games\Menu\Library\PackageCache\com.unity.visualscripting@1.8.0\Editor\VisualScripting.Core\Dependencies\YamlDotNet\Unity.VisualScripting.YamlDotNet.dll
Symbol file LoadedFromMemory doesn't match image E:\BT\Dev games\Menu\Library\PackageCache\com.unity.visualscripting@1.8.0\Editor\VisualScripting.Core\Dependencies\DotNetZip\Unity.VisualScripting.IonicZip.dll
Native extension for WindowsStandalone target not found
Native extension for WebGL target not found
Refreshing native plugins compatible for Editor in 0.90 ms, found 4 plugins.
Preloading 0 native plugins for Editor in 0.00 ms.
Mono: successfully reloaded assembly
- Completed reload, in  1.351 seconds
Domain Reload Profiling:
	ReloadAssembly (1352ms)
		BeginReloadAssembly (203ms)
			ExecutionOrderSort (0ms)
			DisableScriptedObjects (10ms)
			BackupInstance (0ms)
			ReleaseScriptingObjects (0ms)
			CreateAndSetChildDomain (66ms)
		EndReloadAssembly (1019ms)
			LoadAssemblies (129ms)
			RebuildTransferFunctionScriptingTraits (0ms)
			SetupTypeCache (342ms)
			ReleaseScriptCaches (2ms)
			RebuildScriptCaches (72ms)
			SetupLoadedEditorAssemblies (423ms)
				LogAssemblyErrors (0ms)
				InitializePlatformSupportModulesInManaged (17ms)
				SetLoadedEditorAssemblies (1ms)
				RefreshPlugins (1ms)
				BeforeProcessingInitializeOnLoad (85ms)
				ProcessInitializeOnLoadAttributes (265ms)
				ProcessInitializeOnLoadMethodAttributes (44ms)
				AfterProcessingInitializeOnLoad (9ms)
				EditorAssembliesLoaded (0ms)
			ExecutionOrderSort2 (0ms)
			AwakeInstancesAfterBackupRestoration (12ms)
Platform modules already initialized, skipping
Refreshing native plugins compatible for Editor in 18.79 ms, found 4 plugins.
Preloading 0 native plugins for Editor in 0.00 ms.
Unloading 3728 Unused Serialized files (Serialized files now loaded: 0)
Unloading 28 unused Assets / (195.4 KB). Loaded Objects now: 4211.
Memory consumption went from 146.5 MB to 146.3 MB.
Total: 4.866900 ms (FindLiveObjects: 0.385500 ms CreateObjectMapping: 0.278300 ms MarkObjects: 3.992500 ms  DeleteObjects: 0.209100 ms)

AssetImportParameters requested are different than current active one (requested -> active):
  custom:video-decoder-ogg-theora: a1e56fd34408186e4bbccfd4996cb3dc -> 
  custom:container-muxer-webm: aa71ff27fc2769a1b78a27578f13a17b -> 
  custom:container-demuxer-webm: 4f35f7cbe854078d1ac9338744f61a02 -> 
  custom:video-encoder-webm-vp8: eb34c28f22e8b96e1ab97ce403110664 -> 
  custom:audio-encoder-webm-vorbis: bf7c407c2cedff20999df2af8eb42d56 -> 
  custom:framework-win-MediaFoundation: 216162199b28c13a410421893ffa2e32 -> 
  custom:container-demuxer-ogg: 62fdf1f143b41e24485cea50d1cbac27 -> 
  custom:video-decoder-webm-vp8: 9c59270c3fd7afecdb556c50c9e8de78 -> 
  custom:audio-decoder-ogg-vorbis: bf7c407c2cedff20999df2af8eb42d56 -> 
========================================================================
Received Import Request.
  Time since last request: 12440.603970 seconds.
  path: Assets/Warped City Assets/Artwork/ENVIRONMENT/background/Materials/skyline-a.mat
  artifactKey: Guid(05111a33c6b33254aae1c12fb4bbbf16) Importer(815301076,1909f56bfc062723c751e8b465ee728b)
Start importing Assets/Warped City Assets/Artwork/ENVIRONMENT/background/Materials/skyline-a.mat using Guid(05111a33c6b33254aae1c12fb4bbbf16) Importer(815301076,1909f56bfc062723c751e8b465ee728b)  -> (artifact id: '440c75d7eedd1bc993c34afbf2e17b89') in 1.622986 seconds 
========================================================================
Received Import Request.
  Time since last request: 15.362238 seconds.
  path: Assets/Warped City Assets/Artwork/ENVIRONMENT/props/banner-arrow.png
  artifactKey: Guid(f87454e6f046e4340b8ae4c03ebfa016) Importer(815301076,1909f56bfc062723c751e8b465ee728b)
Start importing Assets/Warped City Assets/Artwork/ENVIRONMENT/props/banner-arrow.png using Guid(f87454e6f046e4340b8ae4c03ebfa016) Importer(815301076,1909f56bfc062723c751e8b465ee728b)  -> (artifact id: 'fc92c8c8393e3e18352b971eda1eebfc') in 0.291691 seconds 
========================================================================
Received Import Request.
  Time since last request: 0.000024 seconds.
  path: Assets/Warped City Assets/Artwork/ENVIRONMENT/props/banners.png
  artifactKey: Guid(3a52cc9a5ecd14d5aad2ba568f124b04) Importer(815301076,1909f56bfc062723c751e8b465ee728b)
Start importing Assets/Warped City Assets/Artwork/ENVIRONMENT/props/banners.png using Guid(3a52cc9a5ecd14d5aad2ba568f124b04) Importer(815301076,1909f56bfc062723c751e8b465ee728b)  -> (artifact id: 'fba0e9e336672b78743fb22f044a7e91') in 0.068411 seconds 
========================================================================
Received Import Request.
  Time since last request: 0.000038 seconds.
  path: Assets/Warped City Assets/Artwork/ENVIRONMENT/props/hotel-sign.png
  artifactKey: Guid(70fcf1bcc07324fbd9403a07682a2f88) Importer(815301076,1909f56bfc062723c751e8b465ee728b)
Start importing Assets/Warped City Assets/Artwork/ENVIRONMENT/props/hotel-sign.png using Guid(70fcf1bcc07324fbd9403a07682a2f88) Importer(815301076,1909f56bfc062723c751e8b465ee728b)  -> (artifact id: '1892f3c204822a5d47e079aae3a6f832') in 0.062198 seconds 
========================================================================
Received Import Request.
  Time since last request: 0.000017 seconds.
  path: Assets/Warped City Assets/Artwork/ENVIRONMENT/props/control-box-2.png
  artifactKey: Guid(d886ba9ea1c0747f48bd6188b513f837) Importer(815301076,1909f56bfc062723c751e8b465ee728b)
Start importing Assets/Warped City Assets/Artwork/ENVIRONMENT/props/control-box-2.png using Guid(d886ba9ea1c0747f48bd6188b513f837) Importer(815301076,1909f56bfc062723c751e8b465ee728b)  -> (artifact id: '285cea4a45ee684c580776de27b18eaa') in 0.019658 seconds 
========================================================================
Received Import Request.
  Time since last request: 0.000030 seconds.
  path: Assets/Warped City Assets/Artwork/ENVIRONMENT/props/control-box-1.png
  artifactKey: Guid(166ee1a541de14030b238510ce729b13) Importer(815301076,1909f56bfc062723c751e8b465ee728b)
Start importing Assets/Warped City Assets/Artwork/ENVIRONMENT/props/control-box-1.png using Guid(166ee1a541de14030b238510ce729b13) Importer(815301076,1909f56bfc062723c751e8b465ee728b)  -> (artifact id: 'b2e32460763968b8f4f99658a57ddaa6') in 0.136396 seconds 
========================================================================
Received Import Request.
  Time since last request: 0.000026 seconds.
  path: Assets/Warped City Assets/Artwork/ENVIRONMENT/props/control-box-3.png
  artifactKey: Guid(86504eb5fad8043ec87c8b72b000ca2c) Importer(815301076,1909f56bfc062723c751e8b465ee728b)
Start importing Assets/Warped City Assets/Artwork/ENVIRONMENT/props/control-box-3.png using Guid(86504eb5fad8043ec87c8b72b000ca2c) Importer(815301076,1909f56bfc062723c751e8b465ee728b)  -> (artifact id: '09f9f8958d6a08eb6f4792b16d6dcfbb') in 0.031167 seconds 
========================================================================
Received Import Request.
  Time since last request: 0.000048 seconds.
  path: Assets/Warped City Assets/Artwork/ENVIRONMENT/props/banner-open.png
  artifactKey: Guid(a9a2edcef3323439bbd444f77e2c66a6) Importer(815301076,1909f56bfc062723c751e8b465ee728b)
Start importing Assets/Warped City Assets/Artwork/ENVIRONMENT/props/banner-open.png using Guid(a9a2edcef3323439bbd444f77e2c66a6) Importer(815301076,1909f56bfc062723c751e8b465ee728b)  -> (artifact id: '1fb5d6cb41aa79102d1408411367e2f7') in 0.058623 seconds 
========================================================================
Received Import Request.
  Time since last request: 2.580246 seconds.
  path: Assets/Warped City Assets/Artwork/ENVIRONMENT/props/monitorface/monitor-face-2.png
  artifactKey: Guid(38b39d9e9f64d462a9ad0da114db0656) Importer(815301076,1909f56bfc062723c751e8b465ee728b)
Start importing Assets/Warped City Assets/Artwork/ENVIRONMENT/props/monitorface/monitor-face-2.png using Guid(38b39d9e9f64d462a9ad0da114db0656) Importer(815301076,1909f56bfc062723c751e8b465ee728b)  -> (artifact id: '0d55736bad7e06c3b1b3b3a8fa2f6f06') in 0.038051 seconds 
========================================================================
Received Import Request.
  Time since last request: 0.000017 seconds.
  path: Assets/Warped City Assets/Artwork/ENVIRONMENT/props/monitorface/monitor-face-4.png
  artifactKey: Guid(5d3bcf9bd7a3c484d9a14a2502432dc2) Importer(815301076,1909f56bfc062723c751e8b465ee728b)
Start importing Assets/Warped City Assets/Artwork/ENVIRONMENT/props/monitorface/monitor-face-4.png using Guid(5d3bcf9bd7a3c484d9a14a2502432dc2) Importer(815301076,1909f56bfc062723c751e8b465ee728b)  -> (artifact id: 'fbbc107fe05498c4494dab2fcc5aaad2') in 0.020060 seconds 
========================================================================
Received Import Request.
  Time since last request: 3.152337 seconds.
  path: Assets/Warped City Assets/Artwork/ENVIRONMENT/props/banner-sushi/banner-sushi-2.png
  artifactKey: Guid(ea1214dcca59c4b5aa083ef4f735407c) Importer(815301076,1909f56bfc062723c751e8b465ee728b)
Start importing Assets/Warped City Assets/Artwork/ENVIRONMENT/props/banner-sushi/banner-sushi-2.png using Guid(ea1214dcca59c4b5aa083ef4f735407c) Importer(815301076,1909f56bfc062723c751e8b465ee728b)  -> (artifact id: 'b1ef24c6406ed4c8479c94f7abfd5fe4') in 0.023791 seconds 
========================================================================
Received Import Request.
  Time since last request: 0.000018 seconds.
  path: Assets/Warped City Assets/Artwork/ENVIRONMENT/props/banner-sushi/banner-sushi-3.png
  artifactKey: Guid(40ff3ff28c63f46e2bc32f70a58a4401) Importer(815301076,1909f56bfc062723c751e8b465ee728b)
Start importing Assets/Warped City Assets/Artwork/ENVIRONMENT/props/banner-sushi/banner-sushi-3.png using Guid(40ff3ff28c63f46e2bc32f70a58a4401) Importer(815301076,1909f56bfc062723c751e8b465ee728b)  -> (artifact id: '49fb85b4e046c210079301f062320dc2') in 0.033031 seconds 
========================================================================
Received Import Request.
  Time since last request: 2.364947 seconds.
  path: Assets/Warped City Assets/Artwork/ENVIRONMENT/props/banner-side/banner-side-2.png
  artifactKey: Guid(9b3027d3d57a94a07b8aed183f1dbfda) Importer(815301076,1909f56bfc062723c751e8b465ee728b)
Start importing Assets/Warped City Assets/Artwork/ENVIRONMENT/props/banner-side/banner-side-2.png using Guid(9b3027d3d57a94a07b8aed183f1dbfda) Importer(815301076,1909f56bfc062723c751e8b465ee728b)  -> (artifact id: '03b37f56397279fa181b7a27b4a0553d') in 0.046588 seconds 
========================================================================
Received Import Request.
  Time since last request: 0.000065 seconds.
  path: Assets/Warped City Assets/Artwork/ENVIRONMENT/props/banner-side/banner-side-3.png
  artifactKey: Guid(5420c579b50cd47158e6c73fdad1bd7b) Importer(815301076,1909f56bfc062723c751e8b465ee728b)
Start importing Assets/Warped City Assets/Artwork/ENVIRONMENT/props/banner-side/banner-side-3.png using Guid(5420c579b50cd47158e6c73fdad1bd7b) Importer(815301076,1909f56bfc062723c751e8b465ee728b)  -> (artifact id: '766132e9ee371ffaa36c1f86e67a3b29') in 0.030919 seconds 
========================================================================
Received Import Request.
  Time since last request: 2.166923 seconds.
  path: Assets/Warped City Assets/Artwork/ENVIRONMENT/props/banner-scroll/banner-scroll-1.png
  artifactKey: Guid(4f540a6a2b820425d909a84e4650a499) Importer(815301076,1909f56bfc062723c751e8b465ee728b)
Start importing Assets/Warped City Assets/Artwork/ENVIRONMENT/props/banner-scroll/banner-scroll-1.png using Guid(4f540a6a2b820425d909a84e4650a499) Importer(815301076,1909f56bfc062723c751e8b465ee728b)  -> (artifact id: '8969833b9dc08e2b6bbd908f3c07ed87') in 0.020943 seconds 
========================================================================
Received Import Request.
  Time since last request: 0.000024 seconds.
  path: Assets/Warped City Assets/Artwork/ENVIRONMENT/props/banner-scroll/banner-scroll-4.png
  artifactKey: Guid(b84356a1060a54545adc0b90dd3a5141) Importer(815301076,1909f56bfc062723c751e8b465ee728b)
Start importing Assets/Warped City Assets/Artwork/ENVIRONMENT/props/banner-scroll/banner-scroll-4.png using Guid(b84356a1060a54545adc0b90dd3a5141) Importer(815301076,1909f56bfc062723c751e8b465ee728b)  -> (artifact id: '06a1081434b8122b5086c09b673aef3e') in 0.020279 seconds 
========================================================================
Received Import Request.
  Time since last request: 2.774651 seconds.
  path: Assets/Warped City Assets/Artwork/ENVIRONMENT/props/banner-neon/banner-neon-2.png
  artifactKey: Guid(724ba19574b4b41399100a70044d62e7) Importer(815301076,1909f56bfc062723c751e8b465ee728b)
Start importing Assets/Warped City Assets/Artwork/ENVIRONMENT/props/banner-neon/banner-neon-2.png using Guid(724ba19574b4b41399100a70044d62e7) Importer(815301076,1909f56bfc062723c751e8b465ee728b)  -> (artifact id: '2c4e0c9dc5271d8a15c02fee95bcb771') in 0.061107 seconds 
========================================================================
Received Import Request.
  Time since last request: 0.000043 seconds.
  path: Assets/Warped City Assets/Artwork/ENVIRONMENT/props/banner-neon/banner-neon-3.png
  artifactKey: Guid(ec31b0297eee742efaa7251fb981fa42) Importer(815301076,1909f56bfc062723c751e8b465ee728b)
Start importing Assets/Warped City Assets/Artwork/ENVIRONMENT/props/banner-neon/banner-neon-3.png using Guid(ec31b0297eee742efaa7251fb981fa42) Importer(815301076,1909f56bfc062723c751e8b465ee728b)  -> (artifact id: '136b006860235af881d8f07242e74529') in 0.040670 seconds 
========================================================================
Received Import Request.
  Time since last request: 2.459835 seconds.
  path: Assets/Warped City Assets/Artwork/ENVIRONMENT/props/banner-coke/banner-coke-2.png
  artifactKey: Guid(c3b5f35ae691e4d719d7c458b48c7c28) Importer(815301076,1909f56bfc062723c751e8b465ee728b)
Start importing Assets/Warped City Assets/Artwork/ENVIRONMENT/props/banner-coke/banner-coke-2.png using Guid(c3b5f35ae691e4d719d7c458b48c7c28) Importer(815301076,1909f56bfc062723c751e8b465ee728b)  -> (artifact id: '2cc378034b531d5d65350e9b45fb8a10') in 0.036736 seconds 
========================================================================
Received Import Request.
  Time since last request: 2.077043 seconds.
  path: Assets/Warped City Assets/Artwork/ENVIRONMENT/props/banner-big/banner-big-2.png
  artifactKey: Guid(55e98b85e57fe472fa74b40d9b61538b) Importer(815301076,1909f56bfc062723c751e8b465ee728b)
Start importing Assets/Warped City Assets/Artwork/ENVIRONMENT/props/banner-big/banner-big-2.png using Guid(55e98b85e57fe472fa74b40d9b61538b) Importer(815301076,1909f56bfc062723c751e8b465ee728b)  -> (artifact id: '8aa4aabbb9fbb137660a001d3c728428') in 0.052430 seconds 
========================================================================
Received Import Request.
  Time since last request: 0.000021 seconds.
  path: Assets/Warped City Assets/Artwork/ENVIRONMENT/props/banner-big/banner-big-4.png
  artifactKey: Guid(0f306fd9e5e6f446f8448898b82634b8) Importer(815301076,1909f56bfc062723c751e8b465ee728b)
Start importing Assets/Warped City Assets/Artwork/ENVIRONMENT/props/banner-big/banner-big-4.png using Guid(0f306fd9e5e6f446f8448898b82634b8) Importer(815301076,1909f56bfc062723c751e8b465ee728b)  -> (artifact id: '2d8215589fd09bbc2ee31431517f2de2') in 0.036805 seconds 
========================================================================
Received Import Request.
  Time since last request: 10.705831 seconds.
  path: Assets/Warped City Assets/Artwork/SPRITES/vehicles/v-red.png
  artifactKey: Guid(113cf788bf3b34f92a427972d3958986) Importer(815301076,1909f56bfc062723c751e8b465ee728b)
Start importing Assets/Warped City Assets/Artwork/SPRITES/vehicles/v-red.png using Guid(113cf788bf3b34f92a427972d3958986) Importer(815301076,1909f56bfc062723c751e8b465ee728b)  -> (artifact id: 'e300be1416c6684c369a537000a7692e') in 0.294992 seconds 
========================================================================
Received Import Request.
  Time since last request: 0.000055 seconds.
  path: Assets/Warped City Assets/Artwork/SPRITES/vehicles/v-yellow.png
  artifactKey: Guid(7da37e84137ad4a2c8c204284c5dc000) Importer(815301076,1909f56bfc062723c751e8b465ee728b)
Start importing Assets/Warped City Assets/Artwork/SPRITES/vehicles/v-yellow.png using Guid(7da37e84137ad4a2c8c204284c5dc000) Importer(815301076,1909f56bfc062723c751e8b465ee728b)  -> (artifact id: '3ef2b41e1703dcbdcaa8531c508a2d03') in 0.132352 seconds 
========================================================================
Received Import Request.
  Time since last request: 806.419289 seconds.
  path: Assets/Warped City Assets/Artwork/SPRITES/misc/drone/drone-2.png
  artifactKey: Guid(f911be1073fbd40da8ffc0c33983b5e4) Importer(815301076,1909f56bfc062723c751e8b465ee728b)
Start importing Assets/Warped City Assets/Artwork/SPRITES/misc/drone/drone-2.png using Guid(f911be1073fbd40da8ffc0c33983b5e4) Importer(815301076,1909f56bfc062723c751e8b465ee728b)  -> (artifact id: '8bff3ca8e964eeec372d252c9c0e43f3') in 0.097951 seconds 
========================================================================
Received Import Request.
  Time since last request: 2.237222 seconds.
  path: Assets/Warped City Assets/Artwork/SPRITES/misc/enemy-explosion/enemy-explosion-2.png
  artifactKey: Guid(e4816b76c47974b188075a4a37fbe55a) Importer(815301076,1909f56bfc062723c751e8b465ee728b)
Start importing Assets/Warped City Assets/Artwork/SPRITES/misc/enemy-explosion/enemy-explosion-2.png using Guid(e4816b76c47974b188075a4a37fbe55a) Importer(815301076,1909f56bfc062723c751e8b465ee728b)  -> (artifact id: 'f6785dceeacc5fc6e8751d274cc4d9bd') in 0.057524 seconds 
========================================================================
Received Import Request.
  Time since last request: 0.000023 seconds.
  path: Assets/Warped City Assets/Artwork/SPRITES/misc/enemy-explosion/enemy-explosion-6.png
  artifactKey: Guid(f2918979de862409cbf2089f7fd99bc6) Importer(815301076,1909f56bfc062723c751e8b465ee728b)
Start importing Assets/Warped City Assets/Artwork/SPRITES/misc/enemy-explosion/enemy-explosion-6.png using Guid(f2918979de862409cbf2089f7fd99bc6) Importer(815301076,1909f56bfc062723c751e8b465ee728b)  -> (artifact id: '49ad43c7f17329879deafe3e5da508e4') in 0.088139 seconds 
========================================================================
Received Import Request.
  Time since last request: 0.000038 seconds.
  path: Assets/Warped City Assets/Artwork/SPRITES/misc/enemy-explosion/enemy-explosion-3.png
  artifactKey: Guid(7ef35a73885d14f1ab8f0925880a2af4) Importer(815301076,1909f56bfc062723c751e8b465ee728b)
Start importing Assets/Warped City Assets/Artwork/SPRITES/misc/enemy-explosion/enemy-explosion-3.png using Guid(7ef35a73885d14f1ab8f0925880a2af4) Importer(815301076,1909f56bfc062723c751e8b465ee728b)  -> (artifact id: '7a58a1e4475fb24a4070abf5d95101e8') in 0.023783 seconds 
========================================================================
Received Import Request.
  Time since last request: 5.229628 seconds.
  path: Assets/Warped City Assets/Artwork/SPRITES/misc/shot/shot-2.png
  artifactKey: Guid(459f16e72cf7847d0b60fed8fd249a54) Importer(815301076,1909f56bfc062723c751e8b465ee728b)
Start importing Assets/Warped City Assets/Artwork/SPRITES/misc/shot/shot-2.png using Guid(459f16e72cf7847d0b60fed8fd249a54) Importer(815301076,1909f56bfc062723c751e8b465ee728b)  -> (artifact id: '93df43b92e83f0e424ac79eeb0cd2ae6') in 0.156255 seconds 
========================================================================
Received Import Request.
  Time since last request: 2.595978 seconds.
  path: Assets/Warped City Assets/Artwork/SPRITES/misc/shot-hit/shot-hit-2.png
  artifactKey: Guid(75d0429ae97dd41bb9b262149a4687a4) Importer(815301076,1909f56bfc062723c751e8b465ee728b)
Start importing Assets/Warped City Assets/Artwork/SPRITES/misc/shot-hit/shot-hit-2.png using Guid(75d0429ae97dd41bb9b262149a4687a4) Importer(815301076,1909f56bfc062723c751e8b465ee728b)  -> (artifact id: 'a162323027c2b4cbb46d75d1a61c7253') in 0.108787 seconds 
========================================================================
Received Import Request.
  Time since last request: 0.000037 seconds.
  path: Assets/Warped City Assets/Artwork/SPRITES/misc/shot-hit/shot-hit-3.png
  artifactKey: Guid(0c376fba3cf5246948d64bdaeca77f0e) Importer(815301076,1909f56bfc062723c751e8b465ee728b)
Start importing Assets/Warped City Assets/Artwork/SPRITES/misc/shot-hit/shot-hit-3.png using Guid(0c376fba3cf5246948d64bdaeca77f0e) Importer(815301076,1909f56bfc062723c751e8b465ee728b)  -> (artifact id: '7895b30b291950f2011ae1ca6fc2b2d3') in 0.148398 seconds 
========================================================================
Received Import Request.
  Time since last request: 3.964593 seconds.
  path: Assets/Warped City Assets/Artwork/SPRITES/misc/turret/turret-2.png
  artifactKey: Guid(2d5cb69ed60674e4e9778e5b93a72647) Importer(815301076,1909f56bfc062723c751e8b465ee728b)
Start importing Assets/Warped City Assets/Artwork/SPRITES/misc/turret/turret-2.png using Guid(2d5cb69ed60674e4e9778e5b93a72647) Importer(815301076,1909f56bfc062723c751e8b465ee728b)  -> (artifact id: '178fd5d6167895acbdd537b005003129') in 0.145427 seconds 
========================================================================
Received Import Request.
  Time since last request: 0.000024 seconds.
  path: Assets/Warped City Assets/Artwork/SPRITES/misc/turret/turret-4.png
  artifactKey: Guid(8cf2a4671b41242b68079af4326777e8) Importer(815301076,1909f56bfc062723c751e8b465ee728b)
Start importing Assets/Warped City Assets/Artwork/SPRITES/misc/turret/turret-4.png using Guid(8cf2a4671b41242b68079af4326777e8) Importer(815301076,1909f56bfc062723c751e8b465ee728b)  -> (artifact id: 'dc4725a84fdebef6406abb8b4e61bce5') in 0.038373 seconds 
========================================================================
Received Import Request.
  Time since last request: 0.000037 seconds.
  path: Assets/Warped City Assets/Artwork/SPRITES/misc/turret/turret-6.png
  artifactKey: Guid(7d2f186d51f4b488d813112ca0e3ccb1) Importer(815301076,1909f56bfc062723c751e8b465ee728b)
Start importing Assets/Warped City Assets/Artwork/SPRITES/misc/turret/turret-6.png using Guid(7d2f186d51f4b488d813112ca0e3ccb1) Importer(815301076,1909f56bfc062723c751e8b465ee728b)  -> (artifact id: '11c956491c3df79ef95b64a6f6d6f338') in 0.057144 seconds 
========================================================================
Received Import Request.
  Time since last request: 1429.732524 seconds.
  path: Assets/TextMesh Pro/Resources/Fonts & Materials/LiberationSans SDF - Fallback.asset
  artifactKey: Guid(2e498d1c8094910479dc3e1b768306a4) Importer(815301076,1909f56bfc062723c751e8b465ee728b)
Start importing Assets/TextMesh Pro/Resources/Fonts & Materials/LiberationSans SDF - Fallback.asset using Guid(2e498d1c8094910479dc3e1b768306a4) Importer(815301076,1909f56bfc062723c751e8b465ee728b)  -> (artifact id: 'c96dfd8e84ddbb72c0104d3b25b429cc') in 3.106077 seconds 
========================================================================
Received Import Request.
  Time since last request: 0.000035 seconds.
  path: Assets/TextMesh Pro/Resources/Fonts & Materials/LiberationSans SDF - Outline.mat
  artifactKey: Guid(79459efec17a4d00a321bdcc27bbc385) Importer(815301076,1909f56bfc062723c751e8b465ee728b)
Start importing Assets/TextMesh Pro/Resources/Fonts & Materials/LiberationSans SDF - Outline.mat using Guid(79459efec17a4d00a321bdcc27bbc385) Importer(815301076,1909f56bfc062723c751e8b465ee728b)  -> (artifact id: '3ecedb8ff730563d3495aec039d2deb9') in 0.389721 seconds 
========================================================================
Received Import Request.
  Time since last request: 0.000043 seconds.
  path: Assets/TextMesh Pro/Resources/Fonts & Materials/LiberationSans SDF.asset
  artifactKey: Guid(8f586378b4e144a9851e7b34d9b748ee) Importer(815301076,1909f56bfc062723c751e8b465ee728b)
Start importing Assets/TextMesh Pro/Resources/Fonts & Materials/LiberationSans SDF.asset using Guid(8f586378b4e144a9851e7b34d9b748ee) Importer(815301076,1909f56bfc062723c751e8b465ee728b)  -> (artifact id: 'cfbfba66e49bd3e6c080704a52e1cbdf') in 0.172365 seconds 
